# JRE version: OpenJDK Runtime Environment (8.0_152-b06) (build 1.8.0_152-release-1136-b06)
# Java VM: OpenJDK 64-Bit Server VM (25.152-b06 mixed mode windows-amd64 compressed oops)
Heap:
 PSYoungGen      total 410112K, used 97914K [0x00000000e0000000, 0x00000000fff00000, 0x0000000100000000)
  eden space 295936K, 28% used [0x00000000e0000000,0x00000000e53672e8,0x00000000f2100000)
  from space 114176K, 10% used [0x00000000f2100000,0x00000000f2d377a0,0x00000000f9080000)
  to   space 113152K, 0% used [0x00000000f9080000,0x00000000f9080000,0x00000000fff00000)
 ParOldGen       total 366592K, used 217095K [0x00000000a0000000, 0x00000000b6600000, 0x00000000e0000000)
  object space 366592K, 59% used [0x00000000a0000000,0x00000000ad401c00,0x00000000b6600000)
 Metaspace       used 79316K, capacity 84288K, committed 86144K, reserved 1124352K
  class space    used 9776K, capacity 10791K, committed 11136K, reserved 1048576K
GC Heap History (10 events):
Event: 2454.785 GC heap before
{Heap before GC invocations=49 (full 8):
 PSYoungGen      total 397312K, used 40930K [0x00000000e0000000, 0x00000000ffa00000, 0x0000000100000000)
  eden space 276480K, 0% used [0x00000000e0000000,0x00000000e0000000,0x00000000f0e00000)
  from space 120832K, 33% used [0x00000000f0e00000,0x00000000f35f8a10,0x00000000f8400000)
  to   space 114176K, 0% used [0x00000000f8a80000,0x00000000f8a80000,0x00000000ffa00000)
 ParOldGen       total 437760K, used 420457K [0x00000000a0000000, 0x00000000bab80000, 0x00000000e0000000)
  object space 437760K, 96% used [0x00000000a0000000,0x00000000b9a9a430,0x00000000bab80000)
 Metaspace       used 80845K, capacity 85876K, committed 86144K, reserved 1124352K
  class space    used 9955K, capacity 11015K, committed 11136K, reserved 1048576K
Event: 2454.964 GC heap after
Heap after GC invocations=49 (full 8):
 PSYoungGen      total 397312K, used 0K [0x00000000e0000000, 0x00000000ffa00000, 0x0000000100000000)
  eden space 276480K, 0% used [0x00000000e0000000,0x00000000e0000000,0x00000000f0e00000)
  from space 120832K, 0% used [0x00000000f0e00000,0x00000000f0e00000,0x00000000f8400000)
  to   space 114176K, 0% used [0x00000000f8a80000,0x00000000f8a80000,0x00000000ffa00000)
 ParOldGen       total 366592K, used 96729K [0x00000000a0000000, 0x00000000b6600000, 0x00000000e0000000)
  object space 366592K, 26% used [0x00000000a0000000,0x00000000a5e76538,0x00000000b6600000)
 Metaspace       used 78287K, capacity 83140K, committed 86144K, reserved 1124352K
  class space    used 9687K, capacity 10685K, committed 11136K, reserved 1048576K
}
Event: 2709.804 GC heap before
{Heap before GC invocations=50 (full 8):
 PSYoungGen      total 397312K, used 276480K [0x00000000e0000000, 0x00000000ffa00000, 0x0000000100000000)
  eden space 276480K, 100% used [0x00000000e0000000,0x00000000f0e00000,0x00000000f0e00000)
  from space 120832K, 0% used [0x00000000f0e00000,0x00000000f0e00000,0x00000000f8400000)
  to   space 114176K, 0% used [0x00000000f8a80000,0x00000000f8a80000,0x00000000ffa00000)
 ParOldGen       total 366592K, used 96729K [0x00000000a0000000, 0x00000000b6600000, 0x00000000e0000000)
  object space 366592K, 26% used [0x00000000a0000000,0x00000000a5e76538,0x00000000b6600000)
 Metaspace       used 78342K, capacity 83272K, committed 86144K, reserved 1124352K
  class space    used 9687K, capacity 10685K, committed 11136K, reserved 1048576K
Event: 2709.811 GC heap after
Heap after GC invocations=50 (full 8):
 PSYoungGen      total 401920K, used 7396K [0x00000000e0000000, 0x00000000ff880000, 0x0000000100000000)
  eden space 289280K, 0% used [0x00000000e0000000,0x00000000e0000000,0x00000000f1a80000)
  from space 112640K, 6% used [0x00000000f8a80000,0x00000000f91b9228,0x00000000ff880000)
  to   space 113664K, 0% used [0x00000000f1a80000,0x00000000f1a80000,0x00000000f8980000)
 ParOldGen       total 366592K, used 96737K [0x00000000a0000000, 0x00000000b6600000, 0x00000000e0000000)
  object space 366592K, 26% used [0x00000000a0000000,0x00000000a5e78538,0x00000000b6600000)
 Metaspace       used 78342K, capacity 83272K, committed 86144K, reserved 1124352K
  class space    used 9687K, capacity 10685K, committed 11136K, reserved 1048576K
}
Event: 2712.622 GC heap before
{Heap before GC invocations=51 (full 8):
 PSYoungGen      total 401920K, used 296676K [0x00000000e0000000, 0x00000000ff880000, 0x0000000100000000)
  eden space 289280K, 100% used [0x00000000e0000000,0x00000000f1a80000,0x00000000f1a80000)
  from space 112640K, 6% used [0x00000000f8a80000,0x00000000f91b9228,0x00000000ff880000)
  to   space 113664K, 0% used [0x00000000f1a80000,0x00000000f1a80000,0x00000000f8980000)
 ParOldGen       total 366592K, used 96737K [0x00000000a0000000, 0x00000000b6600000, 0x00000000e0000000)
  object space 366592K, 26% used [0x00000000a0000000,0x00000000a5e78538,0x00000000b6600000)
 Metaspace       used 79092K, capacity 84128K, committed 86144K, reserved 1124352K
  class space    used 9757K, capacity 10759K, committed 11136K, reserved 1048576K
Event: 2712.667 GC heap after
Heap after GC invocations=51 (full 8):
 PSYoungGen      total 402944K, used 59328K [0x00000000e0000000, 0x0000000100000000, 0x0000000100000000)
  eden space 289280K, 0% used [0x00000000e0000000,0x00000000e0000000,0x00000000f1a80000)
  from space 113664K, 52% used [0x00000000f1a80000,0x00000000f5470100,0x00000000f8980000)
  to   space 113152K, 0% used [0x00000000f9180000,0x00000000f9180000,0x0000000100000000)
 ParOldGen       total 366592K, used 102425K [0x00000000a0000000, 0x00000000b6600000, 0x00000000e0000000)
  object space 366592K, 27% used [0x00000000a0000000,0x00000000a6406668,0x00000000b6600000)
 Metaspace       used 79092K, capacity 84128K, committed 86144K, reserved 1124352K
  class space    used 9757K, capacity 10759K, committed 11136K, reserved 1048576K
}
Event: 2715.017 GC heap before
{Heap before GC invocations=52 (full 8):
 PSYoungGen      total 402944K, used 348608K [0x00000000e0000000, 0x0000000100000000, 0x0000000100000000)
  eden space 289280K, 100% used [0x00000000e0000000,0x00000000f1a80000,0x00000000f1a80000)
  from space 113664K, 52% used [0x00000000f1a80000,0x00000000f5470100,0x00000000f8980000)
  to   space 113152K, 0% used [0x00000000f9180000,0x00000000f9180000,0x0000000100000000)
 ParOldGen       total 366592K, used 102425K [0x00000000a0000000, 0x00000000b6600000, 0x00000000e0000000)
  object space 366592K, 27% used [0x00000000a0000000,0x00000000a6406668,0x00000000b6600000)
 Metaspace       used 79237K, capacity 84288K, committed 86144K, reserved 1124352K
  class space    used 9776K, capacity 10791K, committed 11136K, reserved 1048576K
Event: 2715.084 GC heap after
Heap after GC invocations=52 (full 8):
 PSYoungGen      total 409088K, used 65234K [0x00000000e0000000, 0x0000000100000000, 0x0000000100000000)
  eden space 295936K, 0% used [0x00000000e0000000,0x00000000e0000000,0x00000000f2100000)
  from space 113152K, 57% used [0x00000000f9180000,0x00000000fd1348d8,0x0000000100000000)
  to   space 114176K, 0% used [0x00000000f2100000,0x00000000f2100000,0x00000000f9080000)
 ParOldGen       total 366592K, used 152455K [0x00000000a0000000, 0x00000000b6600000, 0x00000000e0000000)
  object space 366592K, 41% used [0x00000000a0000000,0x00000000a94e1d68,0x00000000b6600000)
 Metaspace       used 79237K, capacity 84288K, committed 86144K, reserved 1124352K
  class space    used 9776K, capacity 10791K, committed 11136K, reserved 1048576K
}
Event: 2716.634 GC heap before
{Heap before GC invocations=53 (full 8):
 PSYoungGen      total 409088K, used 354465K [0x00000000e0000000, 0x0000000100000000, 0x0000000100000000)
  eden space 295936K, 97% used [0x00000000e0000000,0x00000000f1a73cd0,0x00000000f2100000)
  from space 113152K, 57% used [0x00000000f9180000,0x00000000fd1348d8,0x0000000100000000)
  to   space 114176K, 0% used [0x00000000f2100000,0x00000000f2100000,0x00000000f9080000)
 ParOldGen       total 366592K, used 152455K [0x00000000a0000000, 0x00000000b6600000, 0x00000000e0000000)
  object space 366592K, 41% used [0x00000000a0000000,0x00000000a94e1d68,0x00000000b6600000)
 Metaspace       used 79290K, capacity 84288K, committed 86144K, reserved 1124352K
  class space    used 9776K, capacity 10791K, committed 11136K, reserved 1048576K
Event: 2716.674 GC heap after
Heap after GC invocations=53 (full 8):
 PSYoungGen      total 410112K, used 12509K [0x00000000e0000000, 0x00000000fff00000, 0x0000000100000000)
  eden space 295936K, 0% used [0x00000000e0000000,0x00000000e0000000,0x00000000f2100000)
  from space 114176K, 10% used [0x00000000f2100000,0x00000000f2d377a0,0x00000000f9080000)
  to   space 113152K, 0% used [0x00000000f9080000,0x00000000f9080000,0x00000000fff00000)
 ParOldGen       total 366592K, used 217095K [0x00000000a0000000, 0x00000000b6600000, 0x00000000e0000000)
  object space 366592K, 59% used [0x00000000a0000000,0x00000000ad401c00,0x00000000b6600000)
 Metaspace       used 79290K, capacity 84288K, committed 86144K, reserved 1124352K
  class space    used 9776K, capacity 10791K, committed 11136K, reserved 1048576K
}

